2024-09-09 19:17:20.526 INFO  [restartedMain] top.wangxingyu.Application : Starting Application using Java 17.0.4.1 with PID 1176 (E:\java课程\idea\spring-boot-practice\spring-boot-logging\target\classes started by 笼中雀 in E:\java课程\idea\spring-boot-practice)
2024-09-09 19:17:20.527 INFO  [restartedMain] top.wangxingyu.Application : No active profile set, falling back to 1 default profile: "default"
2024-09-09 19:17:20.552 INFO  [restartedMain] org.springframework.boot.devtools.env.DevToolsPropertyDefaultsPostProcessor : Devtools property defaults active! Set 'spring.devtools.add-properties' to 'false' to disable
2024-09-09 19:17:20.553 INFO  [restartedMain] org.springframework.boot.devtools.env.DevToolsPropertyDefaultsPostProcessor : For additional web related logging consider setting the 'logging.level.web' property to 'DEBUG'
2024-09-09 19:17:21.098 INFO  [restartedMain] org.springframework.boot.web.embedded.tomcat.TomcatWebServer : Tomcat initialized with port 8080 (http)
2024-09-09 19:17:21.104 INFO  [restartedMain] org.apache.coyote.http11.Http11NioProtocol : Initializing ProtocolHandler ["http-nio-8080"]
2024-09-09 19:17:21.106 INFO  [restartedMain] org.apache.catalina.core.StandardService : Starting service [Tomcat]
2024-09-09 19:17:21.107 INFO  [restartedMain] org.apache.catalina.core.StandardEngine : Starting Servlet engine: [Apache Tomcat/10.1.28]
2024-09-09 19:17:21.138 INFO  [restartedMain] org.apache.catalina.core.ContainerBase.[Tomcat].[localhost].[/] : Initializing Spring embedded WebApplicationContext
2024-09-09 19:17:21.139 INFO  [restartedMain] org.springframework.boot.web.servlet.context.ServletWebServerApplicationContext : Root WebApplicationContext: initialization completed in 575 ms
2024-09-09 19:17:21.356 INFO  [restartedMain] org.springframework.boot.devtools.autoconfigure.OptionalLiveReloadServer : LiveReload server is running on port 35729
2024-09-09 19:17:21.364 INFO  [restartedMain] org.apache.coyote.http11.Http11NioProtocol : Starting ProtocolHandler ["http-nio-8080"]
2024-09-09 19:17:21.376 INFO  [restartedMain] org.springframework.boot.web.embedded.tomcat.TomcatWebServer : Tomcat started on port 8080 (http) with context path '/'
2024-09-09 19:17:21.382 INFO  [restartedMain] top.wangxingyu.Application : Started Application in 1.156 seconds (process running for 1.544)
2024-09-09 19:17:26.280 INFO  [http-nio-8080-exec-1] org.apache.catalina.core.ContainerBase.[Tomcat].[localhost].[/] : Initializing Spring DispatcherServlet 'dispatcherServlet'
2024-09-09 19:17:26.281 INFO  [http-nio-8080-exec-1] org.springframework.web.servlet.DispatcherServlet : Initializing Servlet 'dispatcherServlet'
2024-09-09 19:17:26.281 INFO  [http-nio-8080-exec-1] org.springframework.web.servlet.DispatcherServlet : Completed initialization in 0 ms
2024-09-09 19:17:26.298 INFO  [http-nio-8080-exec-1] top.wangxingyu.controller.LogController : This is an INFO log
2024-09-09 19:17:26.298 WARN  [http-nio-8080-exec-1] top.wangxingyu.controller.LogController : This is a WARN log
2024-09-09 19:17:26.298 ERROR [http-nio-8080-exec-1] top.wangxingyu.controller.LogController : This is an ERROR log
2024-09-09 19:17:47.996 INFO  [restartedMain] top.wangxingyu.Application : Starting Application using Java 17.0.4.1 with PID 20556 (E:\java课程\idea\spring-boot-practice\spring-boot-logging\target\classes started by 笼中雀 in E:\java课程\idea\spring-boot-practice)
2024-09-09 19:17:47.997 INFO  [restartedMain] top.wangxingyu.Application : No active profile set, falling back to 1 default profile: "default"
2024-09-09 19:17:48.024 INFO  [restartedMain] org.springframework.boot.devtools.env.DevToolsPropertyDefaultsPostProcessor : Devtools property defaults active! Set 'spring.devtools.add-properties' to 'false' to disable
2024-09-09 19:17:48.024 INFO  [restartedMain] org.springframework.boot.devtools.env.DevToolsPropertyDefaultsPostProcessor : For additional web related logging consider setting the 'logging.level.web' property to 'DEBUG'
2024-09-09 19:17:48.566 INFO  [restartedMain] org.springframework.boot.web.embedded.tomcat.TomcatWebServer : Tomcat initialized with port 8080 (http)
2024-09-09 19:17:48.572 INFO  [restartedMain] org.apache.coyote.http11.Http11NioProtocol : Initializing ProtocolHandler ["http-nio-8080"]
2024-09-09 19:17:48.574 INFO  [restartedMain] org.apache.catalina.core.StandardService : Starting service [Tomcat]
2024-09-09 19:17:48.575 INFO  [restartedMain] org.apache.catalina.core.StandardEngine : Starting Servlet engine: [Apache Tomcat/10.1.28]
2024-09-09 19:17:48.607 INFO  [restartedMain] org.apache.catalina.core.ContainerBase.[Tomcat].[localhost].[/] : Initializing Spring embedded WebApplicationContext
2024-09-09 19:17:48.607 INFO  [restartedMain] org.springframework.boot.web.servlet.context.ServletWebServerApplicationContext : Root WebApplicationContext: initialization completed in 582 ms
2024-09-09 19:17:48.828 INFO  [restartedMain] org.springframework.boot.devtools.autoconfigure.OptionalLiveReloadServer : LiveReload server is running on port 35729
2024-09-09 19:17:48.838 INFO  [restartedMain] org.apache.coyote.http11.Http11NioProtocol : Starting ProtocolHandler ["http-nio-8080"]
2024-09-09 19:17:48.849 INFO  [restartedMain] org.springframework.boot.web.embedded.tomcat.TomcatWebServer : Tomcat started on port 8080 (http) with context path '/'
2024-09-09 19:17:48.857 INFO  [restartedMain] top.wangxingyu.Application : Started Application in 1.162 seconds (process running for 1.66)
2024-09-09 19:17:52.147 INFO  [http-nio-8080-exec-1] org.apache.catalina.core.ContainerBase.[Tomcat].[localhost].[/] : Initializing Spring DispatcherServlet 'dispatcherServlet'
2024-09-09 19:17:52.147 INFO  [http-nio-8080-exec-1] org.springframework.web.servlet.DispatcherServlet : Initializing Servlet 'dispatcherServlet'
2024-09-09 19:17:52.147 INFO  [http-nio-8080-exec-1] org.springframework.web.servlet.DispatcherServlet : Completed initialization in 0 ms
2024-09-09 19:17:52.166 INFO  [http-nio-8080-exec-1] top.wangxingyu.controller.LogController : This is an INFO log
2024-09-09 19:17:52.166 WARN  [http-nio-8080-exec-1] top.wangxingyu.controller.LogController : This is a WARN log
2024-09-09 19:17:52.166 ERROR [http-nio-8080-exec-1] top.wangxingyu.controller.LogController : This is an ERROR log
